<?xml version="1.0" encoding="UTF-8"?>
<!-- Generated by org.testng.reporters.JUnitXMLReporter -->
<testsuite ignored="0" hostname="Moneesh" failures="0" tests="1" name="Test-Runner-1" time="32.842" errors="0" timestamp="2024-01-10T15:46:45 IST">
  <testcase classname="contactsTest.CreateNewContactsTest" name="createNewContact" time="16.306"/>
</testsuite> <!-- Test-Runner-1 -->
