<?xml version="1.0" encoding="UTF-8"?>
<!-- Generated by org.testng.reporters.JUnitXMLReporter -->
<testsuite ignored="0" hostname="Moneesh" failures="0" tests="1" name="Test-Runner-2" time="33.405" errors="0" timestamp="2024-01-10T15:46:45 IST">
  <testcase classname="contactsTest.CreateNewContactsWithLeadsourceTest" name="createNewContactsWithLeadSource" time="16.252"/>
</testsuite> <!-- Test-Runner-2 -->
