<?xml version="1.0" encoding="UTF-8"?>
<!-- Generated by org.testng.reporters.JUnitXMLReporter -->
<testsuite ignored="0" hostname="Moneesh" failures="0" tests="1" name="Test-Runner-Edge" time="22.145" errors="0" timestamp="2024-01-10T16:05:04 IST">
  <testcase classname="contactsTest.CreateNewContactsTest" name="createNewContact" time="9.88"/>
</testsuite> <!-- Test-Runner-Edge -->
