<?xml version="1.0" encoding="UTF-8"?>
<!-- Generated by org.testng.reporters.JUnitReportReporter -->
<testsuite hostname="Moneesh" failures="0" tests="1" name="Session1.Day17RetryAnalyserpractice" time="0.012" errors="0" timestamp="2024-01-25T14:02:05 IST" skipped="0">
  <testcase classname="Session1.Day17RetryAnalyserpractice" name="sample" time="0.012"/>
</testsuite> <!-- Session1.Day17RetryAnalyserpractice -->
