<?xml version="1.0" encoding="UTF-8"?>
<!-- Generated by org.testng.reporters.JUnitReportReporter -->
<testsuite hostname="Moneesh" failures="0" tests="1" name="Session1.Day3Webtables" time="12.971" errors="0" timestamp="2024-01-20T18:58:02 IST" skipped="0">
  <testcase classname="Session1.Day3Webtables" name="scenario1" time="12.971"/>
</testsuite> <!-- Session1.Day3Webtables -->
