<?xml version="1.0" encoding="UTF-8"?>
<!-- Generated by org.testng.reporters.JUnitReportReporter -->
<testsuite hostname="Moneesh" failures="0" tests="3" name="contactsTest.CreateNewContactsTest" time="35.692" errors="0" timestamp="2024-01-25T14:47:07 IST" skipped="0">
  <testcase classname="contactsTest.CreateNewContactsTest" name="sample" time="6.407"/>
  <testcase classname="contactsTest.CreateNewContactsTest" name="sample1" time="7.399"/>
  <testcase classname="contactsTest.CreateNewContactsTest" name="createNewContact" time="21.886"/>
</testsuite> <!-- contactsTest.CreateNewContactsTest -->
