<?xml version="1.0" encoding="UTF-8"?>
<!-- Generated by org.testng.reporters.JUnitReportReporter -->
<testsuite hostname="Moneesh" failures="0" tests="1" name="contactsTest.CreateNewContactsWithLeadsourceTest" time="28.629" errors="0" timestamp="2024-01-10T15:46:46 IST" skipped="0">
  <testcase classname="contactsTest.CreateNewContactsWithLeadsourceTest" name="createNewContactsWithLeadSource" time="28.629"/>
</testsuite> <!-- contactsTest.CreateNewContactsWithLeadsourceTest -->
