<?xml version="1.0" encoding="UTF-8"?>
<!-- Generated by org.testng.reporters.JUnitReportReporter -->
<testsuite hostname="Moneesh" failures="0" tests="1" name="Session1.Day3CalendarPopup" time="14.192" errors="0" timestamp="2024-01-20T18:16:44 IST" skipped="0">
  <testcase classname="Session1.Day3CalendarPopup" name="scenario3" time="14.192"/>
</testsuite> <!-- Session1.Day3CalendarPopup -->
