<?xml version="1.0" encoding="UTF-8"?>
<!-- Generated by org.testng.reporters.JUnitReportReporter -->
<testsuite hostname="Moneesh" failures="0" tests="1" name="Session1.RetryAnalyserPracticeday17" time="0.214" errors="0" timestamp="2024-01-18T15:53:43 IST" skipped="0">
  <testcase classname="Session1.RetryAnalyserPracticeday17" name="sample" time="0.214"/>
</testsuite> <!-- Session1.RetryAnalyserPracticeday17 -->
