<?xml version="1.0" encoding="UTF-8"?>
<!-- Generated by org.testng.reporters.JUnitReportReporter -->
<testsuite hostname="Moneesh" failures="0" tests="1" name="Session1.Day19ReadDataFromCmdLine" time="0.016" errors="0" timestamp="2024-01-22T15:03:56 IST" skipped="0">
  <testcase classname="Session1.Day19ReadDataFromCmdLine" name="Read" time="0.016"/>
</testsuite> <!-- Session1.Day19ReadDataFromCmdLine -->
